[2019-01-09 11:32:22.902] [INFO] resLogger - 
*************** response log start ***************
request method: GET
request originalUrl:  /api/cvn/getTransactionId?txid=1000
request client ip:  ::1
request query:  {"txid":"1000"}
response time: 557
response status: 200
response body: 
{"message":"{}","status":0}
*************** response log end ***************

[2019-01-09 11:34:45.471] [INFO] resLogger - 
*************** response log start ***************
request method: GET
request originalUrl:  /api/cvn/getTransactionId?txid=1000
request client ip:  ::1
request query:  {"txid":"1000"}
response time: 7254
response status: 200
response body: 
{"message":"{}","status":0}
*************** response log end ***************

[2019-01-09 11:39:38.939] [INFO] resLogger - 
*************** response log start ***************
request method: GET
request originalUrl:  /api/cvn/getTransactionId?txid=1000
request client ip:  ::1
request query:  {"txid":"1000"}
response time: 11094
response status: 200
response body: 
{"message":"{}","status":0}
*************** response log end ***************

[2019-01-09 11:40:28.530] [INFO] resLogger - 
*************** response log start ***************
request method: GET
request originalUrl:  /api/cvn/getTransactionId?txid=1000
request client ip:  ::1
request query:  {"txid":"1000"}
response time: 9080
response status: 200
response body: 
{"message":"{}","status":0}
*************** response log end ***************

[2019-01-09 11:41:39.187] [INFO] resLogger - 
*************** response log start ***************
request method: GET
request originalUrl:  /api/cvn/getTransactionId?txid=1000
request client ip:  ::1
request query:  {"txid":"1000"}
response time: 14389
response status: 200
response body: 
{"message":"{}","status":0}
*************** response log end ***************

[2019-01-09 11:47:28.851] [INFO] resLogger - 
*************** response log start ***************
request method: GET
request originalUrl:  /api/cvn/getTransactionId?txid=1000
request client ip:  ::1
request query:  {"txid":"1000"}
response time: 4110
response status: 200
response body: 
{"receiptStatus":3,"status":1,"txhash":"","time":""}
*************** response log end ***************

[2019-01-09 11:48:55.401] [INFO] resLogger - 
*************** response log start ***************
request method: GET
request originalUrl:  /api/cvn/getTransactionId?txid=1000
request client ip:  ::1
request query:  {"txid":"1000"}
response time: 6605
response status: 200
response body: 
{"receiptStatus":3,"status":1,"txhash":"","time":""}
*************** response log end ***************

[2019-01-09 11:50:30.308] [INFO] resLogger - 
*************** response log start ***************
request method: GET
request originalUrl:  /api/cvn/getTransactionId?txid=1000
request client ip:  ::1
request query:  {"txid":"1000"}
response time: 4462
response status: 200
response body: 
{"receiptStatus":3,"status":1,"txhash":"","time":""}
*************** response log end ***************

[2019-01-09 11:51:33.100] [INFO] resLogger - 
*************** response log start ***************
request method: GET
request originalUrl:  /api/cvn/getTransactionId?txid=1000
request client ip:  ::1
request query:  {"txid":"1000"}
response time: 3684
response status: 200
response body: 
{"receiptStatus":3,"status":1,"txhash":"","time":""}
*************** response log end ***************

[2019-01-09 11:54:02.017] [INFO] resLogger - 
*************** response log start ***************
request method: GET
request originalUrl:  /api/cvn/getTransactionId?txid=10000
request client ip:  ::ffff:127.0.0.1
request query:  {"txid":"10000"}
response time: 1908
response status: 200
response body: 
{"receiptStatus":3,"status":1,"txhash":"","time":""}
*************** response log end ***************

