[2019-01-18 10:51:15.144] [INFO] resLogger - 
*************** response log start ***************
request method: GET
request originalUrl:  /api/cvn/cvntPrice
request client ip:  ::1
request query:  {}
response time: 1
response status: 404
response body: 
undefined
*************** response log end ***************

[2019-01-18 10:51:15.824] [INFO] resLogger - 
*************** response log start ***************
request method: GET
request originalUrl:  /favicon.ico
request client ip:  ::1
request query:  {}
response time: 0
response status: 404
response body: 
undefined
*************** response log end ***************

[2019-01-18 10:51:50.254] [INFO] resLogger - 
*************** response log start ***************
request method: GET
request originalUrl:  /api/cvn/cvntPrice
request client ip:  ::1
request query:  {}
response time: 1
response status: 404
response body: 
undefined
*************** response log end ***************

[2019-01-18 10:52:12.168] [INFO] resLogger - 
*************** response log start ***************
request method: GET
request originalUrl:  /api/cvn/cvntPrice
request client ip:  ::ffff:127.0.0.1
request query:  {}
response time: 0
response status: 404
response body: 
undefined
*************** response log end ***************

[2019-01-18 10:52:39.763] [INFO] resLogger - 
*************** response log start ***************
request method: GET
request originalUrl:  /test
request client ip:  ::1
request query:  {}
response time: 1712
response status: 200
response body: 
{"c":{"blockHash":"0x086bfa201174c9ec0dc8ca7228f646bd4b5ffa80c097e0eb8e00fb2055271306","blockNumber":7014378,"contractAddress":null,"cumulativeGasUsed":4433262,"from":"0xed4249236aa4ba1fd52f0643f0998324e73d719b","gasUsed":36901,"logs":[{"address":"0x6400b5522f8d448c0803e6245436dd1c81df09ce","blockHash":"0x086bfa201174c9ec0dc8ca7228f646bd4b5ffa80c097e0eb8e00fb2055271306","blockNumber":7014378,"data":"0x0000000000000000000000000000000000000000000000000000000077359400","logIndex":69,"removed":false,"topics":["0xddf252ad1be2c89b69c2b068fc378daa952ba7f163c4a11628f55a4df523b3ef","0x000000000000000000000000ed4249236aa4ba1fd52f0643f0998324e73d719b","0x000000000000000000000000b7f79a87d5124098d9582adf4009444a8611b76f"],"transactionHash":"0x1e86e44d3ab5506defc9673b38c81c645efc095d26f38d3bcc30f702b89c9dad","transactionIndex":111}],"logsBloom":"0x00000000000000000000000000000000000000000000010000000000000000000000000000000000000000000000000000000000000000000000000000000000000000000000000000000008001000000000000000000000000000000000000000000000000000000020000000000000040000000000000000000010000000000000000000000000000000000000000000000000000000000000000000000000000200000000000800000000000000000000000000000000000000000000000020000002000000000000000000000000000000000000000000000000000000000000000000000000000000000000000040000000000000000000000040000000","status":"0x1","to":"0x6400b5522f8d448c0803e6245436dd1c81df09ce","transactionHash":"0x1e86e44d3ab5506defc9673b38c81c645efc095d26f38d3bcc30f702b89c9dad","transactionIndex":111}}
*************** response log end ***************

[2019-01-18 10:52:50.901] [INFO] resLogger - 
*************** response log start ***************
request method: GET
request originalUrl:  /api/cvn/cvnPrice
request client ip:  ::ffff:127.0.0.1
request query:  {}
response time: 563
response status: 200
response body: 
{"status":1,"unit":"USDT","cvntPrice":0.0195431203076}
*************** response log end ***************

[2019-01-18 10:53:21.723] [INFO] resLogger - 
*************** response log start ***************
request method: GET
request originalUrl:  /api/cvn/cvnPrice
request client ip:  ::ffff:127.0.0.1
request query:  {}
response time: 634
response status: 200
response body: 
{"status":1,"unit":"USDT","cvntPrice":0.0196314634131}
*************** response log end ***************

[2019-01-18 10:53:59.025] [INFO] resLogger - 
*************** response log start ***************
request method: GET
request originalUrl:  /api/cvn/cvnPrice
request client ip:  ::ffff:127.0.0.1
request query:  {}
response time: 821
response status: 200
response body: 
{"status":0,"message":"{}"}
*************** response log end ***************

